<?xml version="1.0" encoding="UTF-8"?>
<testng-results skipped="0" failed="0" ignored="0" total="2" passed="2">
  <reporter-output>
  </reporter-output>
  <suite name="WordPress Suite" duration-ms="131575" started-at="2020-05-18T09:39:03Z" finished-at="2020-05-18T09:41:15Z">
    <groups>
    </groups>
    <test name="Create Blog Post Test" duration-ms="84369" started-at="2020-05-18T09:39:03Z" finished-at="2020-05-18T09:40:27Z">
      <class name="demo.Test1">
        <test-method status="PASS" signature="openApp()[pri:0, instance:demo.Test1@77cd7a0]" name="openApp" is-config="true" duration-ms="13009" started-at="2020-05-18T09:39:03Z" finished-at="2020-05-18T09:39:16Z">
          <reporter-output>
          </reporter-output>
        </test-method> <!-- openApp -->
        <test-method status="PASS" signature="addBlogPosts()[pri:0, instance:demo.Test1@77cd7a0]" name="addBlogPosts" duration-ms="58581" started-at="2020-05-18T09:39:16Z" finished-at="2020-05-18T09:40:15Z">
          <reporter-output>
          </reporter-output>
        </test-method> <!-- addBlogPosts -->
        <test-method status="PASS" signature="Logout()[pri:0, instance:demo.Test1@77cd7a0]" name="Logout" is-config="true" duration-ms="12753" started-at="2020-05-18T09:40:15Z" finished-at="2020-05-18T09:40:27Z">
          <reporter-output>
          </reporter-output>
        </test-method> <!-- Logout -->
      </class> <!-- demo.Test1 -->
    </test> <!-- Create Blog Post Test -->
    <test name="Delete Blog Post Test" duration-ms="47154" started-at="2020-05-18T09:40:27Z" finished-at="2020-05-18T09:41:15Z">
      <class name="demo1.Test2">
        <test-method status="PASS" signature="openApp()[pri:0, instance:demo1.Test2@72d818d1]" name="openApp" is-config="true" duration-ms="6753" started-at="2020-05-18T09:40:27Z" finished-at="2020-05-18T09:40:34Z">
          <reporter-output>
          </reporter-output>
        </test-method> <!-- openApp -->
        <test-method status="PASS" signature="deletePost()[pri:0, instance:demo1.Test2@72d818d1]" name="deletePost" duration-ms="28726" started-at="2020-05-18T09:40:34Z" finished-at="2020-05-18T09:41:03Z">
          <reporter-output>
          </reporter-output>
        </test-method> <!-- deletePost -->
        <test-method status="PASS" signature="Logout()[pri:0, instance:demo1.Test2@72d818d1]" name="Logout" is-config="true" duration-ms="11670" started-at="2020-05-18T09:41:03Z" finished-at="2020-05-18T09:41:15Z">
          <reporter-output>
          </reporter-output>
        </test-method> <!-- Logout -->
      </class> <!-- demo1.Test2 -->
    </test> <!-- Delete Blog Post Test -->
  </suite> <!-- WordPress Suite -->
</testng-results>
